d:\eqg2\trunk\debug\vc142.pdb
d:\eqg2\trunk\debug\vc142.idb
d:\eqg2\trunk\debug\zon.obj
d:\eqg2\trunk\debug\wld.obj
d:\eqg2\trunk\debug\viewer.obj
d:\eqg2\trunk\debug\util.obj
d:\eqg2\trunk\debug\ter.obj
d:\eqg2\trunk\debug\mod.obj
d:\eqg2\trunk\debug\main.obj
d:\eqg2\trunk\debug\eqg zone importer.pdb
d:\eqg2\trunk\debug\eqg zone.0fce7d07.tlog\cl.command.1.tlog
d:\eqg2\trunk\debug\eqg zone.0fce7d07.tlog\cl.read.1.tlog
d:\eqg2\trunk\debug\eqg zone.0fce7d07.tlog\cl.write.1.tlog
d:\eqg2\trunk\debug\eqg zone.0fce7d07.tlog\link-cvtres.read.1.tlog
d:\eqg2\trunk\debug\eqg zone.0fce7d07.tlog\link-cvtres.write.1.tlog
d:\eqg2\trunk\debug\eqg zone.0fce7d07.tlog\link-rc.read.1.tlog
d:\eqg2\trunk\debug\eqg zone.0fce7d07.tlog\link-rc.write.1.tlog
d:\eqg2\trunk\debug\eqg zone.0fce7d07.tlog\link.command.1.tlog
d:\eqg2\trunk\debug\eqg zone.0fce7d07.tlog\link.read.1.tlog
d:\eqg2\trunk\debug\eqg zone.0fce7d07.tlog\link.write.1.tlog
